Arguments: 
  /home/soumitrad/nodejs/bin/node /usr/bin/yarn

PATH: 
  /home/soumitrad/.bun/bin:/home/soumitrad/nodejs/bin:/home/soumitrad/.fly/bin:/usr/local/sbin:/usr/local/bin:/usr/bin:/usr/lib/jvm/default/bin:/usr/bin/site_perl:/usr/bin/vendor_perl:/usr/bin/core_perl

Yarn version: 
  1.22.19

Node version: 
  18.17.1

Platform: 
  linux x64

Trace: 
  Error: connect EHOSTUNREACH 2606:4700:8d93:80e2:e4d9:36:6810:23:443
      at TCPConnectWrap.afterConnect [as oncomplete] (node:net:1495:16)

npm manifest: 
  {
    "name": "animex",
    "version": "1.0.0",
    "scripts": {
      "start": "expo start",
      "dev": "expo start --dev-client",
      "android": "npx expo run:android",
      "ios": "npx expo run:ios",
      "web": "npx expo start --web",
      "build": "eas build"
    },
    "dependencies": {
      "@miblanchard/react-native-slider": "^2.3.1",
      "@react-native-async-storage/async-storage": "1.19.5",
      "@react-navigation/native": "^6.1.9",
      "@react-navigation/native-stack": "^6.9.17",
      "axios": "^1.6.2",
      "crypto": "^1.0.1",
      "eas-cli": "^5.9.0",
      "expo": "~49.0.19",
      "expo-av": "~13.6.0",
      "expo-blur": "~12.6.0",
      "expo-dev-client": "~2.4.12",
      "expo-file-system": "~15.6.0",
      "expo-font": "~11.6.0",
      "expo-image-picker": "~14.5.0",
      "expo-linear-gradient": "~12.5.0",
      "expo-screen-orientation": "~6.2.0",
      "expo-splash-screen": "~0.22.0",
      "expo-status-bar": "~1.7.1",
      "expo-web-browser": "~12.5.0",
      "lottie-react-native": "6.4.1",
      "react": "18.2.0",
      "react-native": "^0.72.7",
      "react-native-safe-area-context": "4.7.4",
      "react-native-safe-area-view": "^1.1.1",
      "react-native-screens": "~3.27.0",
      "react-native-vector-icons": "^10.0.2",
      "shorthash": "^0.0.2"
    },
    "devDependencies": {
      "@babel/core": "^7.23.3"
    },
    "private": true
  }

yarn manifest: 
  No manifest

Lockfile: 
  No lockfile
